# JRE version: Java(TM) SE Runtime Environment (19.0+36) (build 19+36-2238)
# Java VM: Java HotSpot(TM) 64-Bit Server VM (19+36-2238, mixed mode, sharing, tiered, compressed oops, compressed class ptrs, g1 gc, windows-amd64)
GC Precious Log:
 CardTable entry size: 512
 Card Set container configuration: InlinePtr #cards 5 size 8 Array Of Cards #cards 12 size 40 Howl #buckets 4 coarsen threshold 1843 Howl Bitmap #cards 512 size 80 coarsen threshold 460 Card regions per heap region 1 cards per card region 2048
 CPUs: 4 total, 4 available
 Memory: 6077M
 Large Page Support: Disabled
 NUMA Support: Disabled
 Compressed Oops: Enabled (32-bit)
 Heap Region Size: 1M
 Heap Min Capacity: 8M
 Heap Initial Capacity: 96M
 Heap Max Capacity: 1520M
 Pre-touch: Disabled
 Parallel Workers: 4
 Concurrent Workers: 1
 Concurrent Refinement Workers: 4
 Periodic GC: Disabled
Heap:
 garbage-first heap   total 98304K, used 58797K [0x00000000a1000000, 0x0000000100000000)
  region size 1024K, 55 young (56320K), 3 survivors (3072K)
 Metaspace       used 14101K, committed 14336K, reserved 1114112K
  class space    used 1533K, committed 1664K, reserved 1048576K
GC Heap History (6 events):
Event: 5.364 GC heap before
{Heap before GC invocations=0 (full 0):
 garbage-first heap   total 98304K, used 13312K [0x00000000a1000000, 0x0000000100000000)
  region size 1024K, 13 young (13312K), 0 survivors (0K)
 Metaspace       used 3968K, committed 4096K, reserved 1114112K
  class space    used 378K, committed 448K, reserved 1048576K
}
Event: 5.378 GC heap after
{Heap after GC invocations=1 (full 0):
 garbage-first heap   total 98304K, used 3704K [0x00000000a1000000, 0x0000000100000000)
  region size 1024K, 2 young (2048K), 2 survivors (2048K)
 Metaspace       used 3968K, committed 4096K, reserved 1114112K
  class space    used 378K, committed 448K, reserved 1048576K
}
Event: 6.539 GC heap before
{Heap before GC invocations=1 (full 0):
 garbage-first heap   total 98304K, used 17016K [0x00000000a1000000, 0x0000000100000000)
  region size 1024K, 15 young (15360K), 2 survivors (2048K)
 Metaspace       used 5886K, committed 6080K, reserved 1114112K
  class space    used 644K, committed 704K, reserved 1048576K
}
Event: 6.547 GC heap after
{Heap after GC invocations=2 (full 0):
 garbage-first heap   total 98304K, used 4596K [0x00000000a1000000, 0x0000000100000000)
  region size 1024K, 1 young (1024K), 1 survivors (1024K)
 Metaspace       used 5886K, committed 6080K, reserved 1114112K
  class space    used 644K, committed 704K, reserved 1048576K
}
Event: 8.952 GC heap before
{Heap before GC invocations=2 (full 0):
 garbage-first heap   total 98304K, used 34292K [0x00000000a1000000, 0x0000000100000000)
  region size 1024K, 30 young (30720K), 1 survivors (1024K)
 Metaspace       used 10942K, committed 11136K, reserved 1114112K
  class space    used 1270K, committed 1408K, reserved 1048576K
}
Event: 8.965 GC heap after
{Heap after GC invocations=3 (full 0):
 garbage-first heap   total 98304K, used 6573K [0x00000000a1000000, 0x0000000100000000)
  region size 1024K, 3 young (3072K), 3 survivors (3072K)
 Metaspace       used 10942K, committed 11136K, reserved 1114112K
  class space    used 1270K, committed 1408K, reserved 1048576K
}

